2025-07-27 08:42:32,884 - __main__ - INFO - VariBAD Pipeline started - logs saved to logs\varibad_pipeline_20250727_084232.log
2025-07-27 08:42:32,884 - __main__ - INFO - Running from: C:\Users\Jan\Documents\Uni\Master\Abschlussarbeit\Thesis
2025-07-27 08:42:32,884 - __main__ - INFO - Script location: C:\Users\Jan\Documents\Uni\Master\Abschlussarbeit\Thesis\varibad\main.py
2025-07-27 08:42:48,722 - __main__ - INFO - Auto-detected device: cpu
2025-07-27 08:42:48,731 - __main__ - INFO - Configuration:
2025-07-27 08:42:48,731 - __main__ - INFO -   mode: data_only
2025-07-27 08:42:48,732 - __main__ - INFO -   num_iterations: 1000
2025-07-27 08:42:48,733 - __main__ - INFO -   episode_length: 30
2025-07-27 08:42:48,734 - __main__ - INFO -   episodes_per_iteration: 5
2025-07-27 08:42:48,734 - __main__ - INFO -   vae_updates: 10
2025-07-27 08:42:48,734 - __main__ - INFO -   latent_dim: 5
2025-07-27 08:42:48,734 - __main__ - INFO -   buffer_size: 500
2025-07-27 08:42:48,735 - __main__ - INFO -   short_selling: False
2025-07-27 08:42:48,735 - __main__ - INFO -   device: cpu
2025-07-27 08:42:48,735 - __main__ - INFO -   policy_lr: 0.0001
2025-07-27 08:42:48,735 - __main__ - INFO -   vae_encoder_lr: 0.0001
2025-07-27 08:42:48,736 - __main__ - INFO -   vae_decoder_lr: 0.0001
2025-07-27 08:42:48,736 - __main__ - INFO -   eval_frequency: 50
2025-07-27 08:42:48,736 - __main__ - INFO -   save_frequency: 100
2025-07-27 08:42:48,736 - __main__ - INFO -   checkpoint: None
2025-07-27 08:42:48,736 - __main__ - INFO -   data_path: data/sp500_rl_ready_cleaned.parquet
2025-07-27 08:42:48,737 - __main__ - INFO -   log_level: INFO
2025-07-27 08:42:48,740 - __main__ - INFO - Starting data processing pipeline...
2025-07-27 08:42:48,740 - __main__ - INFO - Creating new dataset from scratch...
2025-07-27 08:42:48,740 - __main__ - INFO - Attempting to import data pipeline...
2025-07-27 08:42:49,006 - varibad.data_pipeline - INFO - Creating RL-ready dataset...
2025-07-27 08:42:49,046 - varibad.data_pipeline - INFO - Downloading data for 30 tickers...
2025-07-27 08:42:49,046 - varibad.data_pipeline - INFO - Downloading IBM (1/30)...
2025-07-27 08:42:51,469 - varibad.data_pipeline - INFO - Downloading MSFT (2/30)...
2025-07-27 08:42:51,996 - varibad.data_pipeline - INFO - Downloading ORCL (3/30)...
2025-07-27 08:42:52,698 - varibad.data_pipeline - INFO - Downloading INTC (4/30)...
2025-07-27 08:42:53,346 - varibad.data_pipeline - INFO - Downloading HPQ (5/30)...
2025-07-27 08:42:53,966 - varibad.data_pipeline - INFO - Downloading CSCO (6/30)...
2025-07-27 08:42:54,425 - varibad.data_pipeline - INFO - Downloading JPM (7/30)...
2025-07-27 08:42:55,195 - varibad.data_pipeline - INFO - Downloading BAC (8/30)...
2025-07-27 08:42:55,696 - varibad.data_pipeline - INFO - Downloading WFC (9/30)...
2025-07-27 08:42:56,186 - varibad.data_pipeline - INFO - Downloading C (10/30)...
2025-07-27 08:42:56,656 - varibad.data_pipeline - INFO - Downloading AXP (11/30)...
2025-07-27 08:42:57,125 - varibad.data_pipeline - INFO - Downloading JNJ (12/30)...
2025-07-27 08:42:57,776 - varibad.data_pipeline - INFO - Downloading PFE (13/30)...
2025-07-27 08:42:58,345 - varibad.data_pipeline - INFO - Downloading MRK (14/30)...
2025-07-27 08:42:58,929 - varibad.data_pipeline - INFO - Downloading ABT (15/30)...
2025-07-27 08:42:59,565 - varibad.data_pipeline - INFO - Downloading KO (16/30)...
2025-07-27 08:43:00,096 - varibad.data_pipeline - INFO - Downloading PG (17/30)...
2025-07-27 08:43:00,736 - varibad.data_pipeline - INFO - Downloading WMT (18/30)...
2025-07-27 08:43:01,215 - varibad.data_pipeline - INFO - Downloading PEP (19/30)...
2025-07-27 08:43:01,696 - varibad.data_pipeline - INFO - Downloading XOM (20/30)...
2025-07-27 08:43:02,209 - varibad.data_pipeline - INFO - Downloading CVX (21/30)...
2025-07-27 08:43:02,896 - varibad.data_pipeline - INFO - Downloading COP (22/30)...
2025-07-27 08:43:03,466 - varibad.data_pipeline - INFO - Downloading GE (23/30)...
2025-07-27 08:43:04,037 - varibad.data_pipeline - INFO - Downloading CAT (24/30)...
2025-07-27 08:43:04,596 - varibad.data_pipeline - INFO - Downloading BA (25/30)...
2025-07-27 08:43:05,134 - varibad.data_pipeline - INFO - Downloading HD (26/30)...
2025-07-27 08:43:05,626 - varibad.data_pipeline - INFO - Downloading MCD (27/30)...
2025-07-27 08:43:06,316 - varibad.data_pipeline - INFO - Downloading SO (28/30)...
2025-07-27 08:43:06,835 - varibad.data_pipeline - INFO - Downloading D (29/30)...
2025-07-27 08:43:07,406 - varibad.data_pipeline - INFO - Downloading DD (30/30)...
2025-07-27 08:43:08,189 - varibad.data_pipeline - INFO - Downloaded data: (264477, 8)
2025-07-27 08:43:08,194 - varibad.data_pipeline - INFO - Date range: 1990-01-02 00:00:00-05:00 to 2024-12-31 00:00:00-05:00
2025-07-27 08:43:08,214 - varibad.data_pipeline - INFO - Tickers: 30
2025-07-27 08:43:09,096 - varibad.data_pipeline - INFO - Adding technical indicators...
2025-07-27 08:43:11,085 - varibad.data_pipeline - INFO - Adding market features...
2025-07-27 08:43:11,275 - varibad.data_pipeline - INFO - Added technical indicators: (264477, 21)
2025-07-27 08:43:12,434 - varibad.data_pipeline - INFO - Normalizing features...
2025-07-27 08:43:14,466 - varibad.data_pipeline - INFO - Normalized features: (264477, 36)
2025-07-27 08:43:16,276 - varibad.data_pipeline - INFO - Cleaning data...
2025-07-27 08:43:16,346 - varibad.data_pipeline - INFO - Initial data: 264477 rows, 8339 NaNs
2025-07-27 08:43:16,926 - varibad.data_pipeline - INFO - Cleaned data: 264447 rows, 0 NaNs
2025-07-27 08:43:16,926 - varibad.data_pipeline - INFO - Removed 30 rows
2025-07-27 08:43:18,626 - varibad.data_pipeline - INFO - Final dataset: (264447, 36)
2025-07-27 08:43:18,635 - varibad.data_pipeline - INFO - Date range: 1990-01-03 to 2024-12-31
2025-07-27 08:43:18,654 - varibad.data_pipeline - INFO - Tickers: 30
2025-07-27 08:43:18,654 - varibad.data_pipeline - INFO - Features: 36
